2022-12-12 16:30:25,036:INFO:PyCaret Supervised Module
2022-12-12 16:30:25,037:INFO:ML Usecase: anomaly
2022-12-12 16:30:25,037:INFO:version 2.3.10
2022-12-12 16:30:25,037:INFO:Initializing setup()
2022-12-12 16:30:25,037:INFO:setup(target=None, ml_usecase=anomaly, available_plots={'tsne': 'Anomaly TSnE (3d)', 'umap': 'UMAP Dimensionality'}, train_size=0.7, test_data=None, preprocess=True, imputation_type=simple, iterative_imputation_iters=5, categorical_features=None, categorical_imputation=mode, categorical_iterative_imputer=lightgbm, ordinal_features=None, high_cardinality_features=None, high_cardinality_method=frequency, numeric_features=None, numeric_imputation=mean, numeric_iterative_imputer=lightgbm, date_features=None, ignore_features=None, normalize=True, normalize_method=zscore, transformation=False, transformation_method=yeo-johnson, handle_unknown_categorical=True, unknown_categorical_method=least_frequent, pca=False, pca_method=linear, pca_components=None, ignore_low_variance=False, combine_rare_levels=False, rare_level_threshold=0.1, bin_numeric_features=None, remove_outliers=False, outliers_threshold=0.05, remove_multicollinearity=False, multicollinearity_threshold=0.9, remove_perfect_collinearity=False, create_clusters=False, cluster_iter=20, polynomial_features=False, polynomial_degree=2, trigonometry_features=False, polynomial_threshold=0.1, group_features=None, group_names=None, feature_selection=False, feature_selection_threshold=0.8, feature_selection_method=classic, feature_interaction=False, feature_ratio=False, interaction_threshold=0.01, fix_imbalance=False, fix_imbalance_method=None, transform_target=False, transform_target_method=box-cox, data_split_shuffle=False, data_split_stratify=False, fold_strategy=kfold, fold=10, fold_shuffle=False, fold_groups=None, n_jobs=-1, use_gpu=False, custom_pipeline=None, html=True, session_id=None, log_experiment=False, experiment_name=None, experiment_custom_tags=None, log_plots=False, log_profile=False, log_data=False, silent=False, verbose=True, profile=False, profile_kwargs=None, display=None)
2022-12-12 16:30:25,038:INFO:Checking environment
2022-12-12 16:30:25,038:INFO:python_version: 3.8.15
2022-12-12 16:30:25,038:INFO:python_build: ('default', 'Nov 24 2022 14:38:14')
2022-12-12 16:30:25,038:INFO:machine: AMD64
2022-12-12 16:30:25,038:INFO:platform: Windows-10-10.0.19045-SP0
2022-12-12 16:30:25,042:INFO:Memory: svmem(total=16942211072, available=8367403008, percent=50.6, used=8574808064, free=8367403008)
2022-12-12 16:30:25,042:INFO:Physical Core: 4
2022-12-12 16:30:25,042:INFO:Logical Core: 8
2022-12-12 16:30:25,043:INFO:Checking libraries
2022-12-12 16:30:25,043:INFO:pd==1.5.2
2022-12-12 16:30:25,043:INFO:numpy==1.20.3
2022-12-12 16:30:25,043:INFO:sklearn==0.23.2
2022-12-12 16:30:25,043:INFO:lightgbm==3.3.3
2022-12-12 16:30:25,045:WARNING:catboost not found
2022-12-12 16:30:25,047:WARNING:xgboost not found
2022-12-12 16:30:25,047:INFO:mlflow==2.0.1
2022-12-12 16:30:25,047:INFO:Checking Exceptions
2022-12-12 16:30:25,047:INFO:Declaring global variables
2022-12-12 16:30:25,047:INFO:USI: 5c5f
2022-12-12 16:30:25,047:INFO:pycaret_globals: {'target_param', 'stratify_param', 'log_plots_param', 'data_before_preprocess', 'gpu_param', 'display_container', '_internal_pipeline', 'imputation_regressor', 'X', 'iterative_imputation_iters_param', 'fold_groups_param_full', 'fold_groups_param', 'fix_imbalance_param', '_available_plots', '_gpu_n_jobs_param', 'experiment__', '_all_models_internal', 'fold_generator', 'exp_name_log', 'dashboard_logger', 'master_model_container', 'transform_target_method_param', 'fix_imbalance_method_param', 'logging_param', '_all_models', 'fold_shuffle_param', '_all_metrics', 'prep_pipe', 'seed', 'USI', 'transform_target_param', 'n_jobs_param', 'pycaret_globals', 'html_param', 'fold_param', 'imputation_classifier', 'create_model_container', '_ml_usecase'}
2022-12-12 16:30:25,047:INFO:Preparing display monitor
2022-12-12 16:30:25,047:INFO:Preparing display monitor
2022-12-12 16:30:25,060:INFO:Importing libraries
2022-12-12 16:30:25,060:INFO:Copying data for preprocessing
2022-12-12 16:30:25,067:INFO:Declaring preprocessing parameters
2022-12-12 16:30:25,069:INFO:Creating preprocessing pipeline
2022-12-12 16:30:25,079:INFO:Preprocessing pipeline created successfully
2022-12-12 16:30:25,079:ERROR:(Process Exit): setup has been interupted with user command 'quit'. setup must rerun.
2022-12-12 16:30:25,079:INFO:Creating global containers
2022-12-12 16:30:25,085:INFO:Internal pipeline: Pipeline(memory=None, steps=[('empty_step', 'passthrough')], verbose=False)
2022-12-12 16:30:37,379:INFO:Creating grid variables
2022-12-12 16:30:37,390:INFO:create_model_container: 0
2022-12-12 16:30:37,391:INFO:master_model_container: 0
2022-12-12 16:30:37,391:INFO:display_container: 1
2022-12-12 16:30:37,398:INFO:Pipeline(memory=None,
         steps=[('dtypes',
                 DataTypes_Auto_infer(categorical_features=[],
                                      display_types=True, features_todrop=[],
                                      id_columns=[], ml_usecase='regression',
                                      numerical_features=[],
                                      target='UNSUPERVISED_DUMMY_TARGET',
                                      time_features=[])),
                ('imputer',
                 Simple_Imputer(categorical_strategy='most frequent',
                                fill_value_categorical=None,
                                fill_value_numerical=None...
                ('P_transform', 'passthrough'), ('binn', 'passthrough'),
                ('rem_outliers', 'passthrough'), ('cluster_all', 'passthrough'),
                ('dummy', Dummify(target='UNSUPERVISED_DUMMY_TARGET')),
                ('fix_perfect', 'passthrough'),
                ('clean_names', Clean_Colum_Names()),
                ('feature_select', 'passthrough'), ('fix_multi', 'passthrough'),
                ('dfs', 'passthrough'), ('pca', 'passthrough')],
         verbose=False)
2022-12-12 16:30:37,398:INFO:setup() succesfully completed......................................
2022-12-12 16:31:06,213:INFO:PyCaret Supervised Module
2022-12-12 16:31:06,213:INFO:ML Usecase: anomaly
2022-12-12 16:31:06,213:INFO:version 2.3.10
2022-12-12 16:31:06,213:INFO:Initializing setup()
2022-12-12 16:31:06,214:INFO:setup(target=None, ml_usecase=anomaly, available_plots={'tsne': 'Anomaly TSnE (3d)', 'umap': 'UMAP Dimensionality'}, train_size=0.7, test_data=None, preprocess=True, imputation_type=simple, iterative_imputation_iters=5, categorical_features=None, categorical_imputation=mode, categorical_iterative_imputer=lightgbm, ordinal_features=None, high_cardinality_features=None, high_cardinality_method=frequency, numeric_features=['Cantidad boletas'], numeric_imputation=mean, numeric_iterative_imputer=lightgbm, date_features=None, ignore_features=None, normalize=True, normalize_method=zscore, transformation=False, transformation_method=yeo-johnson, handle_unknown_categorical=True, unknown_categorical_method=least_frequent, pca=False, pca_method=linear, pca_components=None, ignore_low_variance=False, combine_rare_levels=False, rare_level_threshold=0.1, bin_numeric_features=None, remove_outliers=False, outliers_threshold=0.05, remove_multicollinearity=False, multicollinearity_threshold=0.9, remove_perfect_collinearity=False, create_clusters=False, cluster_iter=20, polynomial_features=False, polynomial_degree=2, trigonometry_features=False, polynomial_threshold=0.1, group_features=None, group_names=None, feature_selection=False, feature_selection_threshold=0.8, feature_selection_method=classic, feature_interaction=False, feature_ratio=False, interaction_threshold=0.01, fix_imbalance=False, fix_imbalance_method=None, transform_target=False, transform_target_method=box-cox, data_split_shuffle=False, data_split_stratify=False, fold_strategy=kfold, fold=10, fold_shuffle=False, fold_groups=None, n_jobs=-1, use_gpu=False, custom_pipeline=None, html=True, session_id=None, log_experiment=False, experiment_name=None, experiment_custom_tags=None, log_plots=False, log_profile=False, log_data=False, silent=False, verbose=True, profile=False, profile_kwargs=None, display=None)
2022-12-12 16:31:06,214:INFO:Checking environment
2022-12-12 16:31:06,214:INFO:python_version: 3.8.15
2022-12-12 16:31:06,214:INFO:python_build: ('default', 'Nov 24 2022 14:38:14')
2022-12-12 16:31:06,214:INFO:machine: AMD64
2022-12-12 16:31:06,214:INFO:platform: Windows-10-10.0.19045-SP0
2022-12-12 16:31:06,218:INFO:Memory: svmem(total=16942211072, available=8366174208, percent=50.6, used=8576036864, free=8366174208)
2022-12-12 16:31:06,218:INFO:Physical Core: 4
2022-12-12 16:31:06,218:INFO:Logical Core: 8
2022-12-12 16:31:06,218:INFO:Checking libraries
2022-12-12 16:31:06,218:INFO:pd==1.5.2
2022-12-12 16:31:06,218:INFO:numpy==1.20.3
2022-12-12 16:31:06,218:INFO:sklearn==0.23.2
2022-12-12 16:31:06,218:INFO:lightgbm==3.3.3
2022-12-12 16:31:06,220:WARNING:catboost not found
2022-12-12 16:31:06,222:WARNING:xgboost not found
2022-12-12 16:31:06,223:INFO:mlflow==2.0.1
2022-12-12 16:31:06,223:INFO:Checking Exceptions
2022-12-12 16:31:06,223:INFO:Declaring global variables
2022-12-12 16:31:06,223:INFO:USI: 00ea
2022-12-12 16:31:06,223:INFO:pycaret_globals: {'target_param', 'stratify_param', 'log_plots_param', 'data_before_preprocess', 'gpu_param', 'display_container', '_internal_pipeline', 'imputation_regressor', 'X', 'iterative_imputation_iters_param', 'fold_groups_param_full', 'fold_groups_param', 'fix_imbalance_param', '_available_plots', '_gpu_n_jobs_param', 'experiment__', '_all_models_internal', 'fold_generator', 'exp_name_log', 'dashboard_logger', 'master_model_container', 'transform_target_method_param', 'fix_imbalance_method_param', 'logging_param', '_all_models', 'fold_shuffle_param', '_all_metrics', 'prep_pipe', 'seed', 'USI', 'transform_target_param', 'n_jobs_param', 'pycaret_globals', 'html_param', 'fold_param', 'imputation_classifier', 'create_model_container', '_ml_usecase'}
2022-12-12 16:31:06,223:INFO:Preparing display monitor
2022-12-12 16:31:06,223:INFO:Preparing display monitor
2022-12-12 16:31:06,235:INFO:Importing libraries
2022-12-12 16:31:06,236:INFO:Copying data for preprocessing
2022-12-12 16:31:06,243:INFO:Declaring preprocessing parameters
2022-12-12 16:31:06,244:INFO:Creating preprocessing pipeline
2022-12-12 16:31:06,250:INFO:Preprocessing pipeline created successfully
2022-12-12 16:31:06,250:ERROR:(Process Exit): setup has been interupted with user command 'quit'. setup must rerun.
2022-12-12 16:31:06,250:INFO:Creating global containers
2022-12-12 16:31:06,251:INFO:Internal pipeline: Pipeline(memory=None, steps=[('empty_step', 'passthrough')], verbose=False)
2022-12-12 16:31:10,997:INFO:Creating grid variables
2022-12-12 16:31:11,005:INFO:create_model_container: 0
2022-12-12 16:31:11,005:INFO:master_model_container: 0
2022-12-12 16:31:11,005:INFO:display_container: 1
2022-12-12 16:31:11,009:INFO:Pipeline(memory=None,
         steps=[('dtypes',
                 DataTypes_Auto_infer(categorical_features=[],
                                      display_types=True, features_todrop=[],
                                      id_columns=[], ml_usecase='regression',
                                      numerical_features=['Cantidad boletas'],
                                      target='UNSUPERVISED_DUMMY_TARGET',
                                      time_features=[])),
                ('imputer',
                 Simple_Imputer(categorical_strategy='most frequent',
                                fill_value_categorical=None,
                                fill_val...
                ('P_transform', 'passthrough'), ('binn', 'passthrough'),
                ('rem_outliers', 'passthrough'), ('cluster_all', 'passthrough'),
                ('dummy', Dummify(target='UNSUPERVISED_DUMMY_TARGET')),
                ('fix_perfect', 'passthrough'),
                ('clean_names', Clean_Colum_Names()),
                ('feature_select', 'passthrough'), ('fix_multi', 'passthrough'),
                ('dfs', 'passthrough'), ('pca', 'passthrough')],
         verbose=False)
2022-12-12 16:31:11,010:INFO:setup() succesfully completed......................................
2022-12-12 16:31:17,047:INFO:PyCaret Supervised Module
2022-12-12 16:31:17,047:INFO:ML Usecase: anomaly
2022-12-12 16:31:17,047:INFO:version 2.3.10
2022-12-12 16:31:17,047:INFO:Initializing setup()
2022-12-12 16:31:17,048:INFO:setup(target=None, ml_usecase=anomaly, available_plots={'tsne': 'Anomaly TSnE (3d)', 'umap': 'UMAP Dimensionality'}, train_size=0.7, test_data=None, preprocess=True, imputation_type=simple, iterative_imputation_iters=5, categorical_features=None, categorical_imputation=mode, categorical_iterative_imputer=lightgbm, ordinal_features=None, high_cardinality_features=None, high_cardinality_method=frequency, numeric_features=['Cantidad boletas', 'PromoDay'], numeric_imputation=mean, numeric_iterative_imputer=lightgbm, date_features=None, ignore_features=None, normalize=True, normalize_method=zscore, transformation=False, transformation_method=yeo-johnson, handle_unknown_categorical=True, unknown_categorical_method=least_frequent, pca=False, pca_method=linear, pca_components=None, ignore_low_variance=False, combine_rare_levels=False, rare_level_threshold=0.1, bin_numeric_features=None, remove_outliers=False, outliers_threshold=0.05, remove_multicollinearity=False, multicollinearity_threshold=0.9, remove_perfect_collinearity=False, create_clusters=False, cluster_iter=20, polynomial_features=False, polynomial_degree=2, trigonometry_features=False, polynomial_threshold=0.1, group_features=None, group_names=None, feature_selection=False, feature_selection_threshold=0.8, feature_selection_method=classic, feature_interaction=False, feature_ratio=False, interaction_threshold=0.01, fix_imbalance=False, fix_imbalance_method=None, transform_target=False, transform_target_method=box-cox, data_split_shuffle=False, data_split_stratify=False, fold_strategy=kfold, fold=10, fold_shuffle=False, fold_groups=None, n_jobs=-1, use_gpu=False, custom_pipeline=None, html=True, session_id=None, log_experiment=False, experiment_name=None, experiment_custom_tags=None, log_plots=False, log_profile=False, log_data=False, silent=False, verbose=True, profile=False, profile_kwargs=None, display=None)
2022-12-12 16:31:17,048:INFO:Checking environment
2022-12-12 16:31:17,048:INFO:python_version: 3.8.15
2022-12-12 16:31:17,048:INFO:python_build: ('default', 'Nov 24 2022 14:38:14')
2022-12-12 16:31:17,048:INFO:machine: AMD64
2022-12-12 16:31:17,048:INFO:platform: Windows-10-10.0.19045-SP0
2022-12-12 16:31:17,055:INFO:Memory: svmem(total=16942211072, available=8362713088, percent=50.6, used=8579497984, free=8362713088)
2022-12-12 16:31:17,056:INFO:Physical Core: 4
2022-12-12 16:31:17,056:INFO:Logical Core: 8
2022-12-12 16:31:17,056:INFO:Checking libraries
2022-12-12 16:31:17,056:INFO:pd==1.5.2
2022-12-12 16:31:17,056:INFO:numpy==1.20.3
2022-12-12 16:31:17,056:INFO:sklearn==0.23.2
2022-12-12 16:31:17,056:INFO:lightgbm==3.3.3
2022-12-12 16:31:17,059:WARNING:catboost not found
2022-12-12 16:31:17,063:WARNING:xgboost not found
2022-12-12 16:31:17,063:INFO:mlflow==2.0.1
2022-12-12 16:31:17,063:INFO:Checking Exceptions
2022-12-12 16:31:17,063:INFO:Declaring global variables
2022-12-12 16:31:17,063:INFO:USI: 58b9
2022-12-12 16:31:17,063:INFO:pycaret_globals: {'target_param', 'stratify_param', 'log_plots_param', 'data_before_preprocess', 'gpu_param', 'display_container', '_internal_pipeline', 'imputation_regressor', 'X', 'iterative_imputation_iters_param', 'fold_groups_param_full', 'fold_groups_param', 'fix_imbalance_param', '_available_plots', '_gpu_n_jobs_param', 'experiment__', '_all_models_internal', 'fold_generator', 'exp_name_log', 'dashboard_logger', 'master_model_container', 'transform_target_method_param', 'fix_imbalance_method_param', 'logging_param', '_all_models', 'fold_shuffle_param', '_all_metrics', 'prep_pipe', 'seed', 'USI', 'transform_target_param', 'n_jobs_param', 'pycaret_globals', 'html_param', 'fold_param', 'imputation_classifier', 'create_model_container', '_ml_usecase'}
2022-12-12 16:31:17,063:INFO:Preparing display monitor
2022-12-12 16:31:17,063:INFO:Preparing display monitor
2022-12-12 16:31:17,074:INFO:Importing libraries
2022-12-12 16:31:17,074:INFO:Copying data for preprocessing
2022-12-12 16:31:17,083:INFO:Declaring preprocessing parameters
2022-12-12 16:31:17,085:INFO:Creating preprocessing pipeline
2022-12-12 16:31:17,090:INFO:Preprocessing pipeline created successfully
2022-12-12 16:31:17,090:ERROR:(Process Exit): setup has been interupted with user command 'quit'. setup must rerun.
2022-12-12 16:31:17,090:INFO:Creating global containers
2022-12-12 16:31:17,090:INFO:Internal pipeline: Pipeline(memory=None, steps=[('empty_step', 'passthrough')], verbose=False)
2022-12-12 16:31:19,247:INFO:Creating grid variables
2022-12-12 16:31:19,258:INFO:create_model_container: 0
2022-12-12 16:31:19,259:INFO:master_model_container: 0
2022-12-12 16:31:19,259:INFO:display_container: 1
2022-12-12 16:31:19,264:INFO:Pipeline(memory=None,
         steps=[('dtypes',
                 DataTypes_Auto_infer(categorical_features=[],
                                      display_types=True, features_todrop=[],
                                      id_columns=[], ml_usecase='regression',
                                      numerical_features=['Cantidad boletas',
                                                          'PromoDay'],
                                      target='UNSUPERVISED_DUMMY_TARGET',
                                      time_features=[])),
                ('imputer',
                 Simple_Imputer(categorical_strategy='most frequent',
                                fill_value_categorical=No...
                ('P_transform', 'passthrough'), ('binn', 'passthrough'),
                ('rem_outliers', 'passthrough'), ('cluster_all', 'passthrough'),
                ('dummy', Dummify(target='UNSUPERVISED_DUMMY_TARGET')),
                ('fix_perfect', 'passthrough'),
                ('clean_names', Clean_Colum_Names()),
                ('feature_select', 'passthrough'), ('fix_multi', 'passthrough'),
                ('dfs', 'passthrough'), ('pca', 'passthrough')],
         verbose=False)
2022-12-12 16:31:19,264:INFO:setup() succesfully completed......................................
2022-12-12 16:31:51,486:INFO:gpu_param set to False
2022-12-12 16:32:57,007:INFO:Initializing create_model()
2022-12-12 16:32:57,007:INFO:create_model(estimator=iforest, num_clusters=4, fraction=0.05, ground_truth=None, round=4, fit_kwargs=None, verbose=True, system=True, add_to_model_list=True, raise_num_clusters=False, experiment_custom_tags=None, display=None, kwargs={})
2022-12-12 16:32:57,007:INFO:Checking exceptions
2022-12-12 16:32:57,007:INFO:Preparing display monitor
2022-12-12 16:32:57,024:INFO:Importing libraries
2022-12-12 16:32:57,034:INFO:Importing untrained model
2022-12-12 16:32:57,042:INFO:Isolation Forest Imported succesfully
2022-12-12 16:32:57,055:INFO:Fitting Model
2022-12-12 16:33:05,553:INFO:IForest(behaviour='new', bootstrap=False, contamination=0.05,
    max_features=1.0, max_samples='auto', n_estimators=100, n_jobs=-1,
    random_state=3760, verbose=0)
2022-12-12 16:33:05,553:INFO:create_models() succesfully completed......................................
2022-12-12 16:33:05,554:INFO:Uploading results into container
2022-12-12 16:33:05,554:INFO:Uploading model into container now
2022-12-12 16:33:05,555:INFO:create_model_container: 1
2022-12-12 16:33:05,555:INFO:master_model_container: 1
2022-12-12 16:33:05,556:INFO:display_container: 2
2022-12-12 16:33:05,556:INFO:IForest(behaviour='new', bootstrap=False, contamination=0.05,
    max_features=1.0, max_samples='auto', n_estimators=100, n_jobs=-1,
    random_state=3760, verbose=0)
2022-12-12 16:33:05,556:INFO:create_model() succesfully completed......................................
2022-12-12 16:33:05,681:INFO:Initializing assign_model()
2022-12-12 16:33:05,682:INFO:assign_model(model=IForest(behaviour='new', bootstrap=False, contamination=0.05,
    max_features=1.0, max_samples='auto', n_estimators=100, n_jobs=-1,
    random_state=3760, verbose=0), transformation=False, score=True, verbose=True)
2022-12-12 16:33:05,682:INFO:Checking exceptions
2022-12-12 16:33:05,682:INFO:Determining Trained Model
2022-12-12 16:33:05,682:INFO:Trained Model : Isolation Forest
2022-12-12 16:33:05,682:INFO:Copying data
2022-12-12 16:33:05,684:INFO:(5847, 8)
2022-12-12 16:33:05,684:INFO:assign_model() succesfully completed......................................
2022-12-12 16:34:41,201:INFO:Initializing plot_model()
2022-12-12 16:34:41,201:INFO:plot_model(fold=None, use_train_data=False, verbose=True, is_in_evaluate=False, display=None, display_format=None, estimator=IForest(behaviour='new', bootstrap=False, contamination=0.05,
    max_features=1.0, max_samples='auto', n_estimators=100, n_jobs=-1,
    random_state=3760, verbose=0), feature_name=None, fit_kwargs=None, groups=None, label=False, plot=tsne, plot_kwargs=None, save=False, scale=1, system=True)
2022-12-12 16:34:41,201:INFO:Checking exceptions
2022-12-12 16:34:41,272:INFO:Preparing display monitor
2022-12-12 16:34:41,279:INFO:Preloading libraries
2022-12-12 16:34:41,290:INFO:Copying training dataset
2022-12-12 16:34:41,291:INFO:Plot type: tsne
2022-12-12 16:34:41,466:INFO:SubProcess assign_model() called ==================================
2022-12-12 16:34:41,467:INFO:Initializing assign_model()
2022-12-12 16:34:41,467:INFO:assign_model(model=IForest(behaviour='new', bootstrap=False, contamination=0.05,
    max_features=1.0, max_samples='auto', n_estimators=100, n_jobs=-1,
    random_state=3760, verbose=0), transformation=True, score=False, verbose=False)
2022-12-12 16:34:41,467:INFO:Checking exceptions
2022-12-12 16:34:41,467:INFO:Determining Trained Model
2022-12-12 16:34:41,467:INFO:Trained Model : Isolation Forest
2022-12-12 16:34:41,467:INFO:Copying data
2022-12-12 16:34:41,467:INFO:Transformation param set to True. Assigned clusters are attached on transformed dataset.
2022-12-12 16:34:41,468:INFO:(5847, 7)
2022-12-12 16:34:41,468:INFO:assign_model() succesfully completed......................................
2022-12-12 16:34:41,468:INFO:SubProcess assign_model() end ==================================
2022-12-12 16:34:41,469:INFO:Getting dummies to cast categorical variables
2022-12-12 16:34:41,469:INFO:Fitting TSNE()
2022-12-12 16:35:39,633:INFO:Rendering Visual
2022-12-12 16:35:43,447:INFO:Visual Rendered Successfully
2022-12-12 16:35:43,569:INFO:plot_model() succesfully completed......................................
2022-12-12 16:38:53,567:INFO:PyCaret Supervised Module
2022-12-12 16:38:53,568:INFO:ML Usecase: anomaly
2022-12-12 16:38:53,568:INFO:version 2.3.10
2022-12-12 16:38:53,568:INFO:Initializing setup()
2022-12-12 16:38:53,568:INFO:setup(target=None, ml_usecase=anomaly, available_plots={'tsne': 'Anomaly TSnE (3d)', 'umap': 'UMAP Dimensionality'}, train_size=0.7, test_data=None, preprocess=True, imputation_type=simple, iterative_imputation_iters=5, categorical_features=None, categorical_imputation=mode, categorical_iterative_imputer=lightgbm, ordinal_features=None, high_cardinality_features=None, high_cardinality_method=frequency, numeric_features=['Cantidad boletas', 'PromoDay'], numeric_imputation=mean, numeric_iterative_imputer=lightgbm, date_features=None, ignore_features=None, normalize=True, normalize_method=zscore, transformation=False, transformation_method=yeo-johnson, handle_unknown_categorical=True, unknown_categorical_method=least_frequent, pca=False, pca_method=linear, pca_components=None, ignore_low_variance=False, combine_rare_levels=False, rare_level_threshold=0.1, bin_numeric_features=None, remove_outliers=False, outliers_threshold=0.05, remove_multicollinearity=False, multicollinearity_threshold=0.9, remove_perfect_collinearity=False, create_clusters=False, cluster_iter=20, polynomial_features=False, polynomial_degree=2, trigonometry_features=False, polynomial_threshold=0.1, group_features=None, group_names=None, feature_selection=False, feature_selection_threshold=0.8, feature_selection_method=classic, feature_interaction=False, feature_ratio=False, interaction_threshold=0.01, fix_imbalance=False, fix_imbalance_method=None, transform_target=False, transform_target_method=box-cox, data_split_shuffle=False, data_split_stratify=False, fold_strategy=kfold, fold=10, fold_shuffle=False, fold_groups=None, n_jobs=-1, use_gpu=False, custom_pipeline=None, html=True, session_id=None, log_experiment=False, experiment_name=None, experiment_custom_tags=None, log_plots=False, log_profile=False, log_data=False, silent=False, verbose=True, profile=False, profile_kwargs=None, display=None)
2022-12-12 16:38:53,568:INFO:Checking environment
2022-12-12 16:38:53,573:INFO:python_version: 3.8.15
2022-12-12 16:38:53,573:INFO:python_build: ('default', 'Nov 24 2022 14:38:14')
2022-12-12 16:38:53,573:INFO:machine: AMD64
2022-12-12 16:38:53,573:INFO:platform: Windows-10-10.0.19045-SP0
2022-12-12 16:38:53,578:INFO:Memory: svmem(total=16942211072, available=7221723136, percent=57.4, used=9720487936, free=7221723136)
2022-12-12 16:38:53,578:INFO:Physical Core: 4
2022-12-12 16:38:53,579:INFO:Logical Core: 8
2022-12-12 16:38:53,579:INFO:Checking libraries
2022-12-12 16:38:53,579:INFO:pd==1.5.2
2022-12-12 16:38:53,579:INFO:numpy==1.20.3
2022-12-12 16:38:53,579:INFO:sklearn==0.23.2
2022-12-12 16:38:53,579:INFO:lightgbm==3.3.3
2022-12-12 16:38:53,581:WARNING:catboost not found
2022-12-12 16:38:53,583:WARNING:xgboost not found
2022-12-12 16:38:53,583:INFO:mlflow==2.0.1
2022-12-12 16:38:53,583:INFO:Checking Exceptions
2022-12-12 16:38:53,583:INFO:Declaring global variables
2022-12-12 16:38:53,583:INFO:USI: 2c4a
2022-12-12 16:38:53,583:INFO:pycaret_globals: {'target_param', 'stratify_param', 'log_plots_param', 'data_before_preprocess', 'gpu_param', 'display_container', '_internal_pipeline', 'imputation_regressor', 'X', 'iterative_imputation_iters_param', 'fold_groups_param_full', 'fold_groups_param', 'fix_imbalance_param', '_available_plots', '_gpu_n_jobs_param', 'experiment__', '_all_models_internal', 'fold_generator', 'exp_name_log', 'dashboard_logger', 'master_model_container', 'transform_target_method_param', 'fix_imbalance_method_param', 'logging_param', '_all_models', 'fold_shuffle_param', '_all_metrics', 'prep_pipe', 'seed', 'USI', 'transform_target_param', 'n_jobs_param', 'pycaret_globals', 'html_param', 'fold_param', 'imputation_classifier', 'create_model_container', '_ml_usecase'}
2022-12-12 16:38:53,583:INFO:Preparing display monitor
2022-12-12 16:38:53,583:INFO:Preparing display monitor
2022-12-12 16:38:53,601:INFO:Importing libraries
2022-12-12 16:38:53,601:INFO:Copying data for preprocessing
2022-12-12 16:38:53,612:INFO:Declaring preprocessing parameters
2022-12-12 16:38:53,614:INFO:Creating preprocessing pipeline
2022-12-12 16:38:53,621:INFO:Preprocessing pipeline created successfully
2022-12-12 16:38:53,621:ERROR:(Process Exit): setup has been interupted with user command 'quit'. setup must rerun.
2022-12-12 16:38:53,622:INFO:Creating global containers
2022-12-12 16:38:53,622:INFO:Internal pipeline: Pipeline(memory=None, steps=[('empty_step', 'passthrough')], verbose=False)
2022-12-12 16:38:59,263:INFO:Creating grid variables
2022-12-12 16:38:59,280:INFO:create_model_container: 0
2022-12-12 16:38:59,280:INFO:master_model_container: 0
2022-12-12 16:38:59,280:INFO:display_container: 1
2022-12-12 16:38:59,287:INFO:Pipeline(memory=None,
         steps=[('dtypes',
                 DataTypes_Auto_infer(categorical_features=[],
                                      display_types=True, features_todrop=[],
                                      id_columns=[], ml_usecase='regression',
                                      numerical_features=['Cantidad boletas',
                                                          'PromoDay'],
                                      target='UNSUPERVISED_DUMMY_TARGET',
                                      time_features=[])),
                ('imputer',
                 Simple_Imputer(categorical_strategy='most frequent',
                                fill_value_categorical=No...
                ('P_transform', 'passthrough'), ('binn', 'passthrough'),
                ('rem_outliers', 'passthrough'), ('cluster_all', 'passthrough'),
                ('dummy', Dummify(target='UNSUPERVISED_DUMMY_TARGET')),
                ('fix_perfect', 'passthrough'),
                ('clean_names', Clean_Colum_Names()),
                ('feature_select', 'passthrough'), ('fix_multi', 'passthrough'),
                ('dfs', 'passthrough'), ('pca', 'passthrough')],
         verbose=False)
2022-12-12 16:38:59,287:INFO:setup() succesfully completed......................................
2022-12-12 16:39:01,353:INFO:gpu_param set to False
2022-12-12 16:39:03,092:INFO:Initializing create_model()
2022-12-12 16:39:03,092:INFO:create_model(estimator=iforest, num_clusters=4, fraction=0.05, ground_truth=None, round=4, fit_kwargs=None, verbose=True, system=True, add_to_model_list=True, raise_num_clusters=False, experiment_custom_tags=None, display=None, kwargs={})
2022-12-12 16:39:03,092:INFO:Checking exceptions
2022-12-12 16:39:03,092:INFO:Preparing display monitor
2022-12-12 16:39:03,114:INFO:Importing libraries
2022-12-12 16:39:03,125:INFO:Importing untrained model
2022-12-12 16:39:03,134:INFO:Isolation Forest Imported succesfully
2022-12-12 16:39:03,145:INFO:Fitting Model
2022-12-12 16:39:04,253:INFO:IForest(behaviour='new', bootstrap=False, contamination=0.05,
    max_features=1.0, max_samples='auto', n_estimators=100, n_jobs=-1,
    random_state=3004, verbose=0)
2022-12-12 16:39:04,253:INFO:create_models() succesfully completed......................................
2022-12-12 16:39:04,253:INFO:Uploading results into container
2022-12-12 16:39:04,254:INFO:Uploading model into container now
2022-12-12 16:39:04,254:INFO:create_model_container: 1
2022-12-12 16:39:04,254:INFO:master_model_container: 1
2022-12-12 16:39:04,255:INFO:display_container: 2
2022-12-12 16:39:04,255:INFO:IForest(behaviour='new', bootstrap=False, contamination=0.05,
    max_features=1.0, max_samples='auto', n_estimators=100, n_jobs=-1,
    random_state=3004, verbose=0)
2022-12-12 16:39:04,255:INFO:create_model() succesfully completed......................................
2022-12-12 16:39:04,522:INFO:Initializing assign_model()
2022-12-12 16:39:04,522:INFO:assign_model(model=IForest(behaviour='new', bootstrap=False, contamination=0.05,
    max_features=1.0, max_samples='auto', n_estimators=100, n_jobs=-1,
    random_state=3004, verbose=0), transformation=False, score=True, verbose=True)
2022-12-12 16:39:04,522:INFO:Checking exceptions
2022-12-12 16:39:04,522:INFO:Determining Trained Model
2022-12-12 16:39:04,522:INFO:Trained Model : Isolation Forest
2022-12-12 16:39:04,522:INFO:Copying data
2022-12-12 16:39:04,523:INFO:(1212, 8)
2022-12-12 16:39:04,523:INFO:assign_model() succesfully completed......................................
2022-12-12 16:39:15,865:INFO:Initializing plot_model()
2022-12-12 16:39:15,866:INFO:plot_model(fold=None, use_train_data=False, verbose=True, is_in_evaluate=False, display=None, display_format=None, estimator=IForest(behaviour='new', bootstrap=False, contamination=0.05,
    max_features=1.0, max_samples='auto', n_estimators=100, n_jobs=-1,
    random_state=3004, verbose=0), feature_name=None, fit_kwargs=None, groups=None, label=False, plot=tsne, plot_kwargs=None, save=False, scale=1, system=True)
2022-12-12 16:39:15,866:INFO:Checking exceptions
2022-12-12 16:39:15,939:INFO:Preparing display monitor
2022-12-12 16:39:15,946:INFO:Preloading libraries
2022-12-12 16:39:15,958:INFO:Copying training dataset
2022-12-12 16:39:15,958:INFO:Plot type: tsne
2022-12-12 16:39:16,122:INFO:SubProcess assign_model() called ==================================
2022-12-12 16:39:16,122:INFO:Initializing assign_model()
2022-12-12 16:39:16,122:INFO:assign_model(model=IForest(behaviour='new', bootstrap=False, contamination=0.05,
    max_features=1.0, max_samples='auto', n_estimators=100, n_jobs=-1,
    random_state=3004, verbose=0), transformation=True, score=False, verbose=False)
2022-12-12 16:39:16,123:INFO:Checking exceptions
2022-12-12 16:39:16,123:INFO:Determining Trained Model
2022-12-12 16:39:16,123:INFO:Trained Model : Isolation Forest
2022-12-12 16:39:16,123:INFO:Copying data
2022-12-12 16:39:16,123:INFO:Transformation param set to True. Assigned clusters are attached on transformed dataset.
2022-12-12 16:39:16,124:INFO:(1212, 7)
2022-12-12 16:39:16,124:INFO:assign_model() succesfully completed......................................
2022-12-12 16:39:16,124:INFO:SubProcess assign_model() end ==================================
2022-12-12 16:39:16,126:INFO:Getting dummies to cast categorical variables
2022-12-12 16:39:16,126:INFO:Fitting TSNE()
2022-12-12 16:39:24,295:INFO:Rendering Visual
2022-12-12 16:39:24,413:INFO:Visual Rendered Successfully
2022-12-12 16:39:24,640:INFO:plot_model() succesfully completed......................................
2022-12-12 17:45:30,674:INFO:PyCaret Supervised Module
2022-12-12 17:45:30,679:INFO:ML Usecase: anomaly
2022-12-12 17:45:30,679:INFO:version 2.3.10
2022-12-12 17:45:30,679:INFO:Initializing setup()
2022-12-12 17:45:30,679:INFO:setup(target=None, ml_usecase=anomaly, available_plots={'tsne': 'Anomaly TSnE (3d)', 'umap': 'UMAP Dimensionality'}, train_size=0.7, test_data=None, preprocess=True, imputation_type=simple, iterative_imputation_iters=5, categorical_features=None, categorical_imputation=mode, categorical_iterative_imputer=lightgbm, ordinal_features=None, high_cardinality_features=None, high_cardinality_method=frequency, numeric_features=['Cantidad boletas', 'PromoDay'], numeric_imputation=mean, numeric_iterative_imputer=lightgbm, date_features=None, ignore_features=None, normalize=True, normalize_method=zscore, transformation=False, transformation_method=yeo-johnson, handle_unknown_categorical=True, unknown_categorical_method=least_frequent, pca=False, pca_method=linear, pca_components=None, ignore_low_variance=False, combine_rare_levels=False, rare_level_threshold=0.1, bin_numeric_features=None, remove_outliers=False, outliers_threshold=0.05, remove_multicollinearity=False, multicollinearity_threshold=0.9, remove_perfect_collinearity=False, create_clusters=False, cluster_iter=20, polynomial_features=False, polynomial_degree=2, trigonometry_features=False, polynomial_threshold=0.1, group_features=None, group_names=None, feature_selection=False, feature_selection_threshold=0.8, feature_selection_method=classic, feature_interaction=False, feature_ratio=False, interaction_threshold=0.01, fix_imbalance=False, fix_imbalance_method=None, transform_target=False, transform_target_method=box-cox, data_split_shuffle=False, data_split_stratify=False, fold_strategy=kfold, fold=10, fold_shuffle=False, fold_groups=None, n_jobs=-1, use_gpu=False, custom_pipeline=None, html=True, session_id=None, log_experiment=True, experiment_name=AnomaliasV1, experiment_custom_tags=None, log_plots=False, log_profile=False, log_data=False, silent=False, verbose=True, profile=False, profile_kwargs=None, display=None)
2022-12-12 17:45:30,679:INFO:Checking environment
2022-12-12 17:45:30,680:INFO:python_version: 3.8.15
2022-12-12 17:45:30,680:INFO:python_build: ('default', 'Nov 24 2022 14:38:14')
2022-12-12 17:45:30,680:INFO:machine: AMD64
2022-12-12 17:45:30,680:INFO:platform: Windows-10-10.0.19045-SP0
2022-12-12 17:45:30,683:INFO:Memory: svmem(total=16942211072, available=9356500992, percent=44.8, used=7585710080, free=9356500992)
2022-12-12 17:45:30,684:INFO:Physical Core: 4
2022-12-12 17:45:30,684:INFO:Logical Core: 8
2022-12-12 17:45:30,684:INFO:Checking libraries
2022-12-12 17:45:30,684:INFO:pd==1.5.2
2022-12-12 17:45:30,684:INFO:numpy==1.20.3
2022-12-12 17:45:30,684:INFO:sklearn==0.23.2
2022-12-12 17:45:30,684:INFO:lightgbm==3.3.3
2022-12-12 17:45:30,686:WARNING:catboost not found
2022-12-12 17:45:30,689:WARNING:xgboost not found
2022-12-12 17:45:30,690:INFO:mlflow==2.0.1
2022-12-12 17:45:30,690:INFO:Checking Exceptions
2022-12-12 17:45:30,690:INFO:Declaring global variables
2022-12-12 17:45:30,690:INFO:USI: 9a31
2022-12-12 17:45:30,690:INFO:pycaret_globals: {'imputation_regressor', 'iterative_imputation_iters_param', 'stratify_param', 'dashboard_logger', 'create_model_container', 'fold_generator', 'data_before_preprocess', 'USI', 'pycaret_globals', 'fold_groups_param_full', '_ml_usecase', 'gpu_param', '_all_models', 'fix_imbalance_param', 'experiment__', '_all_models_internal', '_internal_pipeline', '_all_metrics', 'master_model_container', 'exp_name_log', 'prep_pipe', 'target_param', 'display_container', 'fold_shuffle_param', 'transform_target_method_param', 'html_param', 'transform_target_param', 'seed', 'n_jobs_param', 'fix_imbalance_method_param', 'X', '_gpu_n_jobs_param', 'fold_param', '_available_plots', 'logging_param', 'imputation_classifier', 'fold_groups_param', 'log_plots_param'}
2022-12-12 17:45:30,690:INFO:Preparing display monitor
2022-12-12 17:45:30,690:INFO:Preparing display monitor
2022-12-12 17:45:30,714:INFO:Importing libraries
2022-12-12 17:45:30,714:INFO:Copying data for preprocessing
2022-12-12 17:45:30,722:INFO:Declaring preprocessing parameters
2022-12-12 17:45:30,724:INFO:Creating preprocessing pipeline
2022-12-12 17:45:30,728:INFO:Preprocessing pipeline created successfully
2022-12-12 17:45:30,728:ERROR:(Process Exit): setup has been interupted with user command 'quit'. setup must rerun.
2022-12-12 17:45:30,728:INFO:Creating global containers
2022-12-12 17:45:30,735:INFO:Internal pipeline: Pipeline(memory=None, steps=[('empty_step', 'passthrough')], verbose=False)
2022-12-12 17:45:33,419:INFO:Creating grid variables
2022-12-12 17:45:33,430:INFO:Logging experiment in MLFlow
2022-12-12 17:45:33,912:INFO:SubProcess save_model() called ==================================
2022-12-12 17:45:33,921:INFO:Initializing save_model()
2022-12-12 17:45:33,921:INFO:save_model(model=Pipeline(memory=None,
         steps=[('dtypes',
                 DataTypes_Auto_infer(categorical_features=[],
                                      display_types=True, features_todrop=[],
                                      id_columns=[], ml_usecase='regression',
                                      numerical_features=['Cantidad boletas',
                                                          'PromoDay'],
                                      target='UNSUPERVISED_DUMMY_TARGET',
                                      time_features=[])),
                ('imputer',
                 Simple_Imputer(categorical_strategy='most frequent',
                                fill_value_categorical=No...
                ('P_transform', 'passthrough'), ('binn', 'passthrough'),
                ('rem_outliers', 'passthrough'), ('cluster_all', 'passthrough'),
                ('dummy', Dummify(target='UNSUPERVISED_DUMMY_TARGET')),
                ('fix_perfect', 'passthrough'),
                ('clean_names', Clean_Colum_Names()),
                ('feature_select', 'passthrough'), ('fix_multi', 'passthrough'),
                ('dfs', 'passthrough'), ('pca', 'passthrough')],
         verbose=False), model_name=Transformation Pipeline, prep_pipe_=Pipeline(memory=None,
         steps=[('dtypes',
                 DataTypes_Auto_infer(categorical_features=[],
                                      display_types=True, features_todrop=[],
                                      id_columns=[], ml_usecase='regression',
                                      numerical_features=['Cantidad boletas',
                                                          'PromoDay'],
                                      target='UNSUPERVISED_DUMMY_TARGET',
                                      time_features=[])),
                ('imputer',
                 Simple_Imputer(categorical_strategy='most frequent',
                                fill_value_categorical=No...
                ('P_transform', 'passthrough'), ('binn', 'passthrough'),
                ('rem_outliers', 'passthrough'), ('cluster_all', 'passthrough'),
                ('dummy', Dummify(target='UNSUPERVISED_DUMMY_TARGET')),
                ('fix_perfect', 'passthrough'),
                ('clean_names', Clean_Colum_Names()),
                ('feature_select', 'passthrough'), ('fix_multi', 'passthrough'),
                ('dfs', 'passthrough'), ('pca', 'passthrough')],
         verbose=False), verbose=False, kwargs={})
2022-12-12 17:45:33,921:INFO:Adding model into prep_pipe
2022-12-12 17:45:33,921:WARNING:Only Model saved as it was a pipeline.
2022-12-12 17:45:33,936:INFO:Transformation Pipeline.pkl saved in current working directory
2022-12-12 17:45:33,937:INFO:Pipeline(memory=None,
         steps=[('dtypes',
                 DataTypes_Auto_infer(categorical_features=[],
                                      display_types=True, features_todrop=[],
                                      id_columns=[], ml_usecase='regression',
                                      numerical_features=['Cantidad boletas',
                                                          'PromoDay'],
                                      target='UNSUPERVISED_DUMMY_TARGET',
                                      time_features=[])),
                ('imputer',
                 Simple_Imputer(categorical_strategy='most frequent',
                                fill_value_categorical=No...
                ('P_transform', 'passthrough'), ('binn', 'passthrough'),
                ('rem_outliers', 'passthrough'), ('cluster_all', 'passthrough'),
                ('dummy', Dummify(target='UNSUPERVISED_DUMMY_TARGET')),
                ('fix_perfect', 'passthrough'),
                ('clean_names', Clean_Colum_Names()),
                ('feature_select', 'passthrough'), ('fix_multi', 'passthrough'),
                ('dfs', 'passthrough'), ('pca', 'passthrough')],
         verbose=False)
2022-12-12 17:45:33,937:INFO:save_model() successfully completed......................................
2022-12-12 17:45:34,036:INFO:SubProcess save_model() end ==================================
2022-12-12 17:45:34,093:INFO:create_model_container: 0
2022-12-12 17:45:34,093:INFO:master_model_container: 0
2022-12-12 17:45:34,093:INFO:display_container: 1
2022-12-12 17:45:34,098:INFO:Pipeline(memory=None,
         steps=[('dtypes',
                 DataTypes_Auto_infer(categorical_features=[],
                                      display_types=True, features_todrop=[],
                                      id_columns=[], ml_usecase='regression',
                                      numerical_features=['Cantidad boletas',
                                                          'PromoDay'],
                                      target='UNSUPERVISED_DUMMY_TARGET',
                                      time_features=[])),
                ('imputer',
                 Simple_Imputer(categorical_strategy='most frequent',
                                fill_value_categorical=No...
                ('P_transform', 'passthrough'), ('binn', 'passthrough'),
                ('rem_outliers', 'passthrough'), ('cluster_all', 'passthrough'),
                ('dummy', Dummify(target='UNSUPERVISED_DUMMY_TARGET')),
                ('fix_perfect', 'passthrough'),
                ('clean_names', Clean_Colum_Names()),
                ('feature_select', 'passthrough'), ('fix_multi', 'passthrough'),
                ('dfs', 'passthrough'), ('pca', 'passthrough')],
         verbose=False)
2022-12-12 17:45:34,098:INFO:setup() succesfully completed......................................
